[0.137s] DEBUG:colcon:Command line arguments: ['/usr/bin/colcon', 'build', '--symlink-install', '--packages-select', 'articubot_one']
[0.137s] DEBUG:colcon:Parsed command line arguments: Namespace(log_base=None, log_level=None, verb_name='build', build_base='build', install_base='install', merge_install=False, symlink_install=True, test_result_base=None, continue_on_error=False, executor='parallel', parallel_workers=12, event_handlers=None, ignore_user_meta=False, metas=['./colcon.meta'], base_paths=['.'], packages_ignore=None, packages_ignore_regex=None, paths=None, packages_up_to=None, packages_up_to_regex=None, packages_above=None, packages_above_and_dependencies=None, packages_above_depth=None, packages_select_by_dep=None, packages_skip_by_dep=None, packages_skip_up_to=None, packages_select_build_failed=False, packages_skip_build_finished=False, packages_select_test_failures=False, packages_skip_test_passed=False, packages_select=['articubot_one'], packages_skip=None, packages_select_regex=None, packages_skip_regex=None, packages_start=None, packages_end=None, allow_overriding=[], cmake_args=None, cmake_target=None, cmake_target_skip_unavailable=False, cmake_clean_cache=False, cmake_clean_first=False, cmake_force_configure=False, ament_cmake_args=None, catkin_cmake_args=None, catkin_skip_building_tests=False, mixin_files=None, mixin=None, verb_parser=<colcon_mixin.mixin.mixin_argument.MixinArgumentDecorator object at 0x7a309d76b620>, verb_extension=<colcon_core.verb.build.BuildVerb object at 0x7a309d7b84d0>, main=<bound method BuildVerb.main of <colcon_core.verb.build.BuildVerb object at 0x7a309d7b84d0>>, mixin_verb=('build',))
[0.192s] Level 1:colcon.colcon_core.package_discovery:discover_packages(colcon_meta) check parameters
[0.192s] Level 1:colcon.colcon_core.package_discovery:discover_packages(recursive) check parameters
[0.192s] Level 1:colcon.colcon_core.package_discovery:discover_packages(ignore) check parameters
[0.192s] Level 1:colcon.colcon_core.package_discovery:discover_packages(path) check parameters
[0.192s] Level 1:colcon.colcon_core.package_discovery:discover_packages(colcon_meta) discover
[0.192s] Level 1:colcon.colcon_core.package_discovery:discover_packages(recursive) discover
[0.192s] INFO:colcon.colcon_core.package_discovery:Crawling recursively for packages in '/home/abdvswmdr/Documents/afya_sim'
[0.192s] Level 1:colcon.colcon_core.package_identification:_identify(.) by extensions ['ignore', 'ignore_ament_install']
[0.192s] Level 1:colcon.colcon_core.package_identification:_identify(.) by extension 'ignore'
[0.192s] Level 1:colcon.colcon_core.package_identification:_identify(.) by extension 'ignore_ament_install'
[0.192s] Level 1:colcon.colcon_core.package_identification:_identify(.) by extensions ['colcon_pkg']
[0.192s] Level 1:colcon.colcon_core.package_identification:_identify(.) by extension 'colcon_pkg'
[0.192s] Level 1:colcon.colcon_core.package_identification:_identify(.) by extensions ['colcon_meta']
[0.192s] Level 1:colcon.colcon_core.package_identification:_identify(.) by extension 'colcon_meta'
[0.192s] Level 1:colcon.colcon_core.package_identification:_identify(.) by extensions ['ros']
[0.193s] Level 1:colcon.colcon_core.package_identification:_identify(.) by extension 'ros'
[0.221s] Level 1:colcon.colcon_core.package_identification:_identify(.) by extensions ['cmake', 'python']
[0.221s] Level 1:colcon.colcon_core.package_identification:_identify(.) by extension 'cmake'
[0.222s] Level 1:colcon.colcon_core.package_identification:_identify(.) by extension 'python'
[0.222s] Level 1:colcon.colcon_core.package_identification:_identify(.) by extensions ['python_setup_py']
[0.222s] Level 1:colcon.colcon_core.package_identification:_identify(.) by extension 'python_setup_py'
[0.222s] Level 1:colcon.colcon_core.package_identification:_identify(build) by extensions ['ignore', 'ignore_ament_install']
[0.222s] Level 1:colcon.colcon_core.package_identification:_identify(build) by extension 'ignore'
[0.222s] Level 1:colcon.colcon_core.package_identification:_identify(build) ignored
[0.222s] Level 1:colcon.colcon_core.package_identification:_identify(install) by extensions ['ignore', 'ignore_ament_install']
[0.222s] Level 1:colcon.colcon_core.package_identification:_identify(install) by extension 'ignore'
[0.222s] Level 1:colcon.colcon_core.package_identification:_identify(install) ignored
[0.222s] Level 1:colcon.colcon_core.package_identification:_identify(log) by extensions ['ignore', 'ignore_ament_install']
[0.222s] Level 1:colcon.colcon_core.package_identification:_identify(log) by extension 'ignore'
[0.222s] Level 1:colcon.colcon_core.package_identification:_identify(log) ignored
[0.223s] Level 1:colcon.colcon_core.package_identification:_identify(src) by extensions ['ignore', 'ignore_ament_install']
[0.223s] Level 1:colcon.colcon_core.package_identification:_identify(src) by extension 'ignore'
[0.223s] Level 1:colcon.colcon_core.package_identification:_identify(src) by extension 'ignore_ament_install'
[0.223s] Level 1:colcon.colcon_core.package_identification:_identify(src) by extensions ['colcon_pkg']
[0.223s] Level 1:colcon.colcon_core.package_identification:_identify(src) by extension 'colcon_pkg'
[0.223s] Level 1:colcon.colcon_core.package_identification:_identify(src) by extensions ['colcon_meta']
[0.223s] Level 1:colcon.colcon_core.package_identification:_identify(src) by extension 'colcon_meta'
[0.223s] Level 1:colcon.colcon_core.package_identification:_identify(src) by extensions ['ros']
[0.223s] Level 1:colcon.colcon_core.package_identification:_identify(src) by extension 'ros'
[0.226s] DEBUG:colcon.colcon_core.package_identification:Package 'src' with type 'ros.ament_cmake' and name 'articubot_one'
[0.226s] Level 1:colcon.colcon_core.package_discovery:discover_packages(recursive) using defaults
[0.226s] Level 1:colcon.colcon_core.package_discovery:discover_packages(ignore) discover
[0.226s] Level 1:colcon.colcon_core.package_discovery:discover_packages(ignore) using defaults
[0.226s] Level 1:colcon.colcon_core.package_discovery:discover_packages(path) discover
[0.226s] Level 1:colcon.colcon_core.package_discovery:discover_packages(path) using defaults
[0.247s] Level 1:colcon.colcon_core.package_discovery:discover_packages(prefix_path) check parameters
[0.247s] Level 1:colcon.colcon_core.package_discovery:discover_packages(prefix_path) discover
[0.248s] WARNING:colcon.colcon_ros.prefix_path.ament:The path '/home/abdvswmdr/Documents/afya_sim/install/articubot_one' in the environment variable AMENT_PREFIX_PATH doesn't exist
[0.249s] WARNING:colcon.colcon_ros.prefix_path.catkin:The path '/home/abdvswmdr/Documents/afya_sim/install/articubot_one' in the environment variable CMAKE_PREFIX_PATH doesn't exist
[0.249s] DEBUG:colcon.colcon_installed_package_information.package_discovery:Found 0 installed packages in /home/abdvswmdr/Documents/afya_sim/install
[0.252s] DEBUG:colcon.colcon_installed_package_information.package_discovery:Found 417 installed packages in /opt/ros/jazzy
[0.254s] Level 1:colcon.colcon_core.package_discovery:discover_packages(prefix_path) using defaults
[0.315s] Level 5:colcon.colcon_core.verb:set package 'articubot_one' build argument 'cmake_args' from command line to 'None'
[0.315s] Level 5:colcon.colcon_core.verb:set package 'articubot_one' build argument 'cmake_target' from command line to 'None'
[0.316s] Level 5:colcon.colcon_core.verb:set package 'articubot_one' build argument 'cmake_target_skip_unavailable' from command line to 'False'
[0.316s] Level 5:colcon.colcon_core.verb:set package 'articubot_one' build argument 'cmake_clean_cache' from command line to 'False'
[0.316s] Level 5:colcon.colcon_core.verb:set package 'articubot_one' build argument 'cmake_clean_first' from command line to 'False'
[0.316s] Level 5:colcon.colcon_core.verb:set package 'articubot_one' build argument 'cmake_force_configure' from command line to 'False'
[0.316s] Level 5:colcon.colcon_core.verb:set package 'articubot_one' build argument 'ament_cmake_args' from command line to 'None'
[0.316s] Level 5:colcon.colcon_core.verb:set package 'articubot_one' build argument 'catkin_cmake_args' from command line to 'None'
[0.316s] Level 5:colcon.colcon_core.verb:set package 'articubot_one' build argument 'catkin_skip_building_tests' from command line to 'False'
[0.316s] DEBUG:colcon.colcon_core.verb:Building package 'articubot_one' with the following arguments: {'ament_cmake_args': None, 'build_base': '/home/abdvswmdr/Documents/afya_sim/build/articubot_one', 'catkin_cmake_args': None, 'catkin_skip_building_tests': False, 'cmake_args': None, 'cmake_clean_cache': False, 'cmake_clean_first': False, 'cmake_force_configure': False, 'cmake_target': None, 'cmake_target_skip_unavailable': False, 'install_base': '/home/abdvswmdr/Documents/afya_sim/install/articubot_one', 'merge_install': False, 'path': '/home/abdvswmdr/Documents/afya_sim/src', 'symlink_install': True, 'test_result_base': None}
[0.316s] INFO:colcon.colcon_core.executor:Executing jobs using 'parallel' executor
[0.317s] DEBUG:colcon.colcon_parallel_executor.executor.parallel:run_until_complete
[0.317s] INFO:colcon.colcon_ros.task.ament_cmake.build:Building ROS package in '/home/abdvswmdr/Documents/afya_sim/src' with build type 'ament_cmake'
[0.317s] INFO:colcon.colcon_cmake.task.cmake.build:Building CMake package in '/home/abdvswmdr/Documents/afya_sim/src'
[0.319s] INFO:colcon.colcon_core.plugin_system:Skipping extension 'colcon_core.shell.bat': Not used on non-Windows systems
[0.320s] INFO:colcon.colcon_core.shell:Skip shell extension 'powershell' for command environment: Not usable outside of PowerShell
[0.320s] DEBUG:colcon.colcon_core.shell:Skip shell extension 'dsv' for command environment
[0.332s] DEBUG:colcon.colcon_core.event_handler.log_command:Invoking command in '/home/abdvswmdr/Documents/afya_sim/build/articubot_one': CMAKE_PREFIX_PATH=${CMAKE_PREFIX_PATH}:/opt/ros/jazzy DEBUGINFOD_URLS=https://debuginfod.ubuntu.com /usr/bin/cmake /home/abdvswmdr/Documents/afya_sim/src -DAMENT_CMAKE_SYMLINK_INSTALL=1 -DCMAKE_INSTALL_PREFIX=/home/abdvswmdr/Documents/afya_sim/install/articubot_one
[1.422s] DEBUG:colcon.colcon_core.event_handler.log_command:Invoked command in '/home/abdvswmdr/Documents/afya_sim/build/articubot_one' returned '0': CMAKE_PREFIX_PATH=${CMAKE_PREFIX_PATH}:/opt/ros/jazzy DEBUGINFOD_URLS=https://debuginfod.ubuntu.com /usr/bin/cmake /home/abdvswmdr/Documents/afya_sim/src -DAMENT_CMAKE_SYMLINK_INSTALL=1 -DCMAKE_INSTALL_PREFIX=/home/abdvswmdr/Documents/afya_sim/install/articubot_one
[1.424s] DEBUG:colcon.colcon_core.event_handler.log_command:Invoking command in '/home/abdvswmdr/Documents/afya_sim/build/articubot_one': CMAKE_PREFIX_PATH=${CMAKE_PREFIX_PATH}:/opt/ros/jazzy DEBUGINFOD_URLS=https://debuginfod.ubuntu.com /usr/bin/cmake --build /home/abdvswmdr/Documents/afya_sim/build/articubot_one -- -j12 -l12
[1.481s] DEBUG:colcon.colcon_core.event_handler.log_command:Invoked command in '/home/abdvswmdr/Documents/afya_sim/build/articubot_one' returned '0': CMAKE_PREFIX_PATH=${CMAKE_PREFIX_PATH}:/opt/ros/jazzy DEBUGINFOD_URLS=https://debuginfod.ubuntu.com /usr/bin/cmake --build /home/abdvswmdr/Documents/afya_sim/build/articubot_one -- -j12 -l12
[1.494s] DEBUG:colcon.colcon_core.event_handler.log_command:Invoking command in '/home/abdvswmdr/Documents/afya_sim/build/articubot_one': CMAKE_PREFIX_PATH=${CMAKE_PREFIX_PATH}:/opt/ros/jazzy DEBUGINFOD_URLS=https://debuginfod.ubuntu.com /usr/bin/cmake --install /home/abdvswmdr/Documents/afya_sim/build/articubot_one
[2.210s] Level 1:colcon.colcon_core.environment:create_environment_scripts_only(articubot_one)
[2.211s] DEBUG:colcon.colcon_core.event_handler.log_command:Invoked command in '/home/abdvswmdr/Documents/afya_sim/build/articubot_one' returned '0': CMAKE_PREFIX_PATH=${CMAKE_PREFIX_PATH}:/opt/ros/jazzy DEBUGINFOD_URLS=https://debuginfod.ubuntu.com /usr/bin/cmake --install /home/abdvswmdr/Documents/afya_sim/build/articubot_one
[2.213s] Level 1:colcon.colcon_core.environment:checking '/home/abdvswmdr/Documents/afya_sim/install/articubot_one' for CMake module files
[2.214s] Level 1:colcon.colcon_core.environment:checking '/home/abdvswmdr/Documents/afya_sim/install/articubot_one' for CMake config files
[2.215s] Level 1:colcon.colcon_core.shell:create_environment_hook('articubot_one', 'cmake_prefix_path')
[2.215s] INFO:colcon.colcon_core.shell:Creating environment hook '/home/abdvswmdr/Documents/afya_sim/install/articubot_one/share/articubot_one/hook/cmake_prefix_path.ps1'
[2.216s] INFO:colcon.colcon_core.shell:Creating environment descriptor '/home/abdvswmdr/Documents/afya_sim/install/articubot_one/share/articubot_one/hook/cmake_prefix_path.dsv'
[2.216s] INFO:colcon.colcon_core.shell:Creating environment hook '/home/abdvswmdr/Documents/afya_sim/install/articubot_one/share/articubot_one/hook/cmake_prefix_path.sh'
[2.217s] Level 1:colcon.colcon_core.environment:checking '/home/abdvswmdr/Documents/afya_sim/install/articubot_one/bin'
[2.218s] Level 1:colcon.colcon_core.environment:checking '/home/abdvswmdr/Documents/afya_sim/install/articubot_one/lib/pkgconfig/articubot_one.pc'
[2.218s] Level 1:colcon.colcon_core.environment:checking '/home/abdvswmdr/Documents/afya_sim/install/articubot_one/lib/python3.12/site-packages'
[2.218s] Level 1:colcon.colcon_core.environment:checking '/home/abdvswmdr/Documents/afya_sim/install/articubot_one/bin'
[2.218s] INFO:colcon.colcon_core.shell:Creating package script '/home/abdvswmdr/Documents/afya_sim/install/articubot_one/share/articubot_one/package.ps1'
[2.219s] INFO:colcon.colcon_core.shell:Creating package descriptor '/home/abdvswmdr/Documents/afya_sim/install/articubot_one/share/articubot_one/package.dsv'
[2.220s] INFO:colcon.colcon_core.shell:Creating package script '/home/abdvswmdr/Documents/afya_sim/install/articubot_one/share/articubot_one/package.sh'
[2.221s] INFO:colcon.colcon_core.shell:Creating package script '/home/abdvswmdr/Documents/afya_sim/install/articubot_one/share/articubot_one/package.bash'
[2.222s] INFO:colcon.colcon_core.shell:Creating package script '/home/abdvswmdr/Documents/afya_sim/install/articubot_one/share/articubot_one/package.zsh'
[2.223s] Level 1:colcon.colcon_core.environment:create_file_with_runtime_dependencies(/home/abdvswmdr/Documents/afya_sim/install/articubot_one/share/colcon-core/packages/articubot_one)
[2.223s] Level 1:colcon.colcon_core.environment:create_environment_scripts_only(articubot_one)
[2.224s] Level 1:colcon.colcon_core.environment:checking '/home/abdvswmdr/Documents/afya_sim/install/articubot_one' for CMake module files
[2.224s] Level 1:colcon.colcon_core.environment:checking '/home/abdvswmdr/Documents/afya_sim/install/articubot_one' for CMake config files
[2.225s] Level 1:colcon.colcon_core.shell:create_environment_hook('articubot_one', 'cmake_prefix_path')
[2.225s] INFO:colcon.colcon_core.shell:Creating environment hook '/home/abdvswmdr/Documents/afya_sim/install/articubot_one/share/articubot_one/hook/cmake_prefix_path.ps1'
[2.225s] INFO:colcon.colcon_core.shell:Creating environment descriptor '/home/abdvswmdr/Documents/afya_sim/install/articubot_one/share/articubot_one/hook/cmake_prefix_path.dsv'
[2.226s] INFO:colcon.colcon_core.shell:Creating environment hook '/home/abdvswmdr/Documents/afya_sim/install/articubot_one/share/articubot_one/hook/cmake_prefix_path.sh'
[2.227s] Level 1:colcon.colcon_core.environment:checking '/home/abdvswmdr/Documents/afya_sim/install/articubot_one/bin'
[2.227s] Level 1:colcon.colcon_core.environment:checking '/home/abdvswmdr/Documents/afya_sim/install/articubot_one/lib/pkgconfig/articubot_one.pc'
[2.227s] Level 1:colcon.colcon_core.environment:checking '/home/abdvswmdr/Documents/afya_sim/install/articubot_one/lib/python3.12/site-packages'
[2.227s] Level 1:colcon.colcon_core.environment:checking '/home/abdvswmdr/Documents/afya_sim/install/articubot_one/bin'
[2.227s] INFO:colcon.colcon_core.shell:Creating package script '/home/abdvswmdr/Documents/afya_sim/install/articubot_one/share/articubot_one/package.ps1'
[2.228s] INFO:colcon.colcon_core.shell:Creating package descriptor '/home/abdvswmdr/Documents/afya_sim/install/articubot_one/share/articubot_one/package.dsv'
[2.229s] INFO:colcon.colcon_core.shell:Creating package script '/home/abdvswmdr/Documents/afya_sim/install/articubot_one/share/articubot_one/package.sh'
[2.229s] INFO:colcon.colcon_core.shell:Creating package script '/home/abdvswmdr/Documents/afya_sim/install/articubot_one/share/articubot_one/package.bash'
[2.230s] INFO:colcon.colcon_core.shell:Creating package script '/home/abdvswmdr/Documents/afya_sim/install/articubot_one/share/articubot_one/package.zsh'
[2.230s] Level 1:colcon.colcon_core.environment:create_file_with_runtime_dependencies(/home/abdvswmdr/Documents/afya_sim/install/articubot_one/share/colcon-core/packages/articubot_one)
[2.230s] DEBUG:colcon.colcon_parallel_executor.executor.parallel:closing loop
[2.231s] DEBUG:colcon.colcon_parallel_executor.executor.parallel:loop closed
[2.231s] DEBUG:colcon.colcon_parallel_executor.executor.parallel:run_until_complete finished with '0'
[2.231s] DEBUG:colcon.colcon_core.event_reactor:joining thread
[2.239s] INFO:colcon.colcon_core.plugin_system:Skipping extension 'colcon_notification.desktop_notification.terminal_notifier': Not used on non-Darwin systems
[2.239s] INFO:colcon.colcon_core.plugin_system:Skipping extension 'colcon_notification.desktop_notification.win32': Not used on non-Windows systems
[2.239s] INFO:colcon.colcon_notification.desktop_notification:Sending desktop notification using 'notify2'
[3.116s] DEBUG:colcon.colcon_core.event_reactor:joined thread
[3.117s] INFO:colcon.colcon_core.shell:Creating prefix script '/home/abdvswmdr/Documents/afya_sim/install/local_setup.ps1'
[3.118s] INFO:colcon.colcon_core.shell:Creating prefix util module '/home/abdvswmdr/Documents/afya_sim/install/_local_setup_util_ps1.py'
[3.119s] INFO:colcon.colcon_core.shell:Creating prefix chain script '/home/abdvswmdr/Documents/afya_sim/install/setup.ps1'
[3.120s] INFO:colcon.colcon_core.shell:Creating prefix script '/home/abdvswmdr/Documents/afya_sim/install/local_setup.sh'
[3.121s] INFO:colcon.colcon_core.shell:Creating prefix util module '/home/abdvswmdr/Documents/afya_sim/install/_local_setup_util_sh.py'
[3.121s] INFO:colcon.colcon_core.shell:Creating prefix chain script '/home/abdvswmdr/Documents/afya_sim/install/setup.sh'
[3.123s] INFO:colcon.colcon_core.shell:Creating prefix script '/home/abdvswmdr/Documents/afya_sim/install/local_setup.bash'
[3.123s] INFO:colcon.colcon_core.shell:Creating prefix chain script '/home/abdvswmdr/Documents/afya_sim/install/setup.bash'
[3.124s] INFO:colcon.colcon_core.shell:Creating prefix script '/home/abdvswmdr/Documents/afya_sim/install/local_setup.zsh'
[3.125s] INFO:colcon.colcon_core.shell:Creating prefix chain script '/home/abdvswmdr/Documents/afya_sim/install/setup.zsh'
